# JRE version: OpenJDK Runtime Environment Temurin-21.0.10+7 (21.0.10+7) (build 21.0.10+7-LTS)
# Java VM: OpenJDK 64-Bit Server VM Temurin-21.0.10+7 (21.0.10+7-LTS, mixed mode, sharing, tiered, compressed oops, compressed class ptrs, parallel gc, windows-amd64)
GC Precious Log:
 CardTable entry size: 512
 CPUs: 8 total, 8 available
 Memory: 8043M
 Large Page Support: Disabled
 NUMA Support: Disabled
 Compressed Oops: Enabled (32-bit)
 Alignments: Space 512K, Generation 512K, Heap 2M
 Heap Min Capacity: 100M
 Heap Initial Capacity: 100M
 Heap Max Capacity: 2G
 Pre-touch: Disabled
 Parallel Workers: 8
Heap:
 PSYoungGen      total 34816K, used 34503K [0x00000000d5580000, 0x00000000d7900000, 0x0000000100000000)
  eden space 33280K, 99% used [0x00000000d5580000,0x00000000d75e1f80,0x00000000d7600000)
  from space 1536K, 87% used [0x00000000d7780000,0x00000000d78d0010,0x00000000d7900000)
  to   space 1536K, 0% used [0x00000000d7600000,0x00000000d7600000,0x00000000d7780000)
 ParOldGen       total 1398272K, used 58001K [0x0000000080000000, 0x00000000d5580000, 0x00000000d5580000)
  object space 1398272K, 4% used [0x0000000080000000,0x00000000838a4658,0x00000000d5580000)
 Metaspace       used 75160K, committed 76480K, reserved 1179648K
  class space    used 9178K, committed 9792K, reserved 1048576K
GC Heap History (20 events):
Event: 22.385 GC heap before
{Heap before GC invocations=50 (full 5):
 PSYoungGen      total 27136K, used 26624K [0x00000000d5580000, 0x00000000d7300000, 0x0000000100000000)
  eden space 26624K, 100% used [0x00000000d5580000,0x00000000d6f80000,0x00000000d6f80000)
  from space 512K, 0% used [0x00000000d7280000,0x00000000d7280000,0x00000000d7300000)
  to   space 512K, 0% used [0x00000000d7200000,0x00000000d7200000,0x00000000d7280000)
 ParOldGen       total 1398272K, used 53697K [0x0000000080000000, 0x00000000d5580000, 0x00000000d5580000)
  object space 1398272K, 3% used [0x0000000080000000,0x00000000834706b0,0x00000000d5580000)
 Metaspace       used 65598K, committed 66752K, reserved 1114112K
  class space    used 7588K, committed 8064K, reserved 1048576K
}
Event: 22.388 GC heap after
{Heap after GC invocations=50 (full 5):
 PSYoungGen      total 29696K, used 512K [0x00000000d5580000, 0x00000000d7700000, 0x0000000100000000)
  eden space 29184K, 0% used [0x00000000d5580000,0x00000000d5580000,0x00000000d7200000)
  from space 512K, 100% used [0x00000000d7200000,0x00000000d7280000,0x00000000d7280000)
  to   space 2560K, 0% used [0x00000000d7480000,0x00000000d7480000,0x00000000d7700000)
 ParOldGen       total 1398272K, used 54991K [0x0000000080000000, 0x00000000d5580000, 0x00000000d5580000)
  object space 1398272K, 3% used [0x0000000080000000,0x00000000835b3e90,0x00000000d5580000)
 Metaspace       used 65598K, committed 66752K, reserved 1114112K
  class space    used 7588K, committed 8064K, reserved 1048576K
}
Event: 22.834 GC heap before
{Heap before GC invocations=51 (full 5):
 PSYoungGen      total 29696K, used 29695K [0x00000000d5580000, 0x00000000d7700000, 0x0000000100000000)
  eden space 29184K, 99% used [0x00000000d5580000,0x00000000d71ffdb0,0x00000000d7200000)
  from space 512K, 100% used [0x00000000d7200000,0x00000000d7280000,0x00000000d7280000)
  to   space 2560K, 0% used [0x00000000d7480000,0x00000000d7480000,0x00000000d7700000)
 ParOldGen       total 1398272K, used 54991K [0x0000000080000000, 0x00000000d5580000, 0x00000000d5580000)
  object space 1398272K, 3% used [0x0000000080000000,0x00000000835b3e90,0x00000000d5580000)
 Metaspace       used 67522K, committed 68672K, reserved 1114112K
  class space    used 7918K, committed 8448K, reserved 1048576K
}
Event: 22.837 GC heap after
{Heap after GC invocations=51 (full 5):
 PSYoungGen      total 31744K, used 2330K [0x00000000d5580000, 0x00000000d7980000, 0x0000000100000000)
  eden space 29184K, 0% used [0x00000000d5580000,0x00000000d5580000,0x00000000d7200000)
  from space 2560K, 91% used [0x00000000d7480000,0x00000000d76c6850,0x00000000d7700000)
  to   space 2560K, 0% used [0x00000000d7200000,0x00000000d7200000,0x00000000d7480000)
 ParOldGen       total 1398272K, used 55501K [0x0000000080000000, 0x00000000d5580000, 0x00000000d5580000)
  object space 1398272K, 3% used [0x0000000080000000,0x0000000083633640,0x00000000d5580000)
 Metaspace       used 67522K, committed 68672K, reserved 1114112K
  class space    used 7918K, committed 8448K, reserved 1048576K
}
Event: 23.165 GC heap before
{Heap before GC invocations=52 (full 5):
 PSYoungGen      total 31744K, used 31514K [0x00000000d5580000, 0x00000000d7980000, 0x0000000100000000)
  eden space 29184K, 100% used [0x00000000d5580000,0x00000000d7200000,0x00000000d7200000)
  from space 2560K, 91% used [0x00000000d7480000,0x00000000d76c6850,0x00000000d7700000)
  to   space 2560K, 0% used [0x00000000d7200000,0x00000000d7200000,0x00000000d7480000)
 ParOldGen       total 1398272K, used 55501K [0x0000000080000000, 0x00000000d5580000, 0x00000000d5580000)
  object space 1398272K, 3% used [0x0000000080000000,0x0000000083633640,0x00000000d5580000)
 Metaspace       used 69276K, committed 70400K, reserved 1114112K
  class space    used 8319K, committed 8832K, reserved 1048576K
}
Event: 23.167 GC heap after
{Heap after GC invocations=52 (full 5):
 PSYoungGen      total 31744K, used 1714K [0x00000000d5580000, 0x00000000d7800000, 0x0000000100000000)
  eden space 29184K, 0% used [0x00000000d5580000,0x00000000d5580000,0x00000000d7200000)
  from space 2560K, 66% used [0x00000000d7200000,0x00000000d73aca38,0x00000000d7480000)
  to   space 2048K, 0% used [0x00000000d7600000,0x00000000d7600000,0x00000000d7800000)
 ParOldGen       total 1398272K, used 55509K [0x0000000080000000, 0x00000000d5580000, 0x00000000d5580000)
  object space 1398272K, 3% used [0x0000000080000000,0x0000000083635640,0x00000000d5580000)
 Metaspace       used 69276K, committed 70400K, reserved 1114112K
  class space    used 8319K, committed 8832K, reserved 1048576K
}
Event: 23.445 GC heap before
{Heap before GC invocations=53 (full 5):
 PSYoungGen      total 31744K, used 30898K [0x00000000d5580000, 0x00000000d7800000, 0x0000000100000000)
  eden space 29184K, 100% used [0x00000000d5580000,0x00000000d7200000,0x00000000d7200000)
  from space 2560K, 66% used [0x00000000d7200000,0x00000000d73aca38,0x00000000d7480000)
  to   space 2048K, 0% used [0x00000000d7600000,0x00000000d7600000,0x00000000d7800000)
 ParOldGen       total 1398272K, used 55509K [0x0000000080000000, 0x00000000d5580000, 0x00000000d5580000)
  object space 1398272K, 3% used [0x0000000080000000,0x0000000083635640,0x00000000d5580000)
 Metaspace       used 70965K, committed 72128K, reserved 1114112K
  class space    used 8658K, committed 9152K, reserved 1048576K
}
Event: 23.448 GC heap after
{Heap after GC invocations=53 (full 5):
 PSYoungGen      total 32768K, used 1949K [0x00000000d5580000, 0x00000000d7800000, 0x0000000100000000)
  eden space 30720K, 0% used [0x00000000d5580000,0x00000000d5580000,0x00000000d7380000)
  from space 2048K, 95% used [0x00000000d7600000,0x00000000d77e7520,0x00000000d7800000)
  to   space 2048K, 0% used [0x00000000d7400000,0x00000000d7400000,0x00000000d7600000)
 ParOldGen       total 1398272K, used 55509K [0x0000000080000000, 0x00000000d5580000, 0x00000000d5580000)
  object space 1398272K, 3% used [0x0000000080000000,0x0000000083635640,0x00000000d5580000)
 Metaspace       used 70965K, committed 72128K, reserved 1114112K
  class space    used 8658K, committed 9152K, reserved 1048576K
}
Event: 23.815 GC heap before
{Heap before GC invocations=54 (full 5):
 PSYoungGen      total 32768K, used 32669K [0x00000000d5580000, 0x00000000d7800000, 0x0000000100000000)
  eden space 30720K, 100% used [0x00000000d5580000,0x00000000d7380000,0x00000000d7380000)
  from space 2048K, 95% used [0x00000000d7600000,0x00000000d77e7520,0x00000000d7800000)
  to   space 2048K, 0% used [0x00000000d7400000,0x00000000d7400000,0x00000000d7600000)
 ParOldGen       total 1398272K, used 55509K [0x0000000080000000, 0x00000000d5580000, 0x00000000d5580000)
  object space 1398272K, 3% used [0x0000000080000000,0x0000000083635640,0x00000000d5580000)
 Metaspace       used 71200K, committed 72384K, reserved 1114112K
  class space    used 8694K, committed 9216K, reserved 1048576K
}
Event: 23.817 GC heap after
{Heap after GC invocations=54 (full 5):
 PSYoungGen      total 33280K, used 1885K [0x00000000d5580000, 0x00000000d7880000, 0x0000000100000000)
  eden space 31232K, 0% used [0x00000000d5580000,0x00000000d5580000,0x00000000d7400000)
  from space 2048K, 92% used [0x00000000d7400000,0x00000000d75d7520,0x00000000d7600000)
  to   space 2048K, 0% used [0x00000000d7680000,0x00000000d7680000,0x00000000d7880000)
 ParOldGen       total 1398272K, used 55509K [0x0000000080000000, 0x00000000d5580000, 0x00000000d5580000)
  object space 1398272K, 3% used [0x0000000080000000,0x0000000083635640,0x00000000d5580000)
 Metaspace       used 71200K, committed 72384K, reserved 1114112K
  class space    used 8694K, committed 9216K, reserved 1048576K
}
Event: 24.096 GC heap before
{Heap before GC invocations=55 (full 5):
 PSYoungGen      total 33280K, used 33117K [0x00000000d5580000, 0x00000000d7880000, 0x0000000100000000)
  eden space 31232K, 100% used [0x00000000d5580000,0x00000000d7400000,0x00000000d7400000)
  from space 2048K, 92% used [0x00000000d7400000,0x00000000d75d7520,0x00000000d7600000)
  to   space 2048K, 0% used [0x00000000d7680000,0x00000000d7680000,0x00000000d7880000)
 ParOldGen       total 1398272K, used 55509K [0x0000000080000000, 0x00000000d5580000, 0x00000000d5580000)
  object space 1398272K, 3% used [0x0000000080000000,0x0000000083635640,0x00000000d5580000)
 Metaspace       used 71200K, committed 72384K, reserved 1114112K
  class space    used 8694K, committed 9216K, reserved 1048576K
}
Event: 24.098 GC heap after
{Heap after GC invocations=55 (full 5):
 PSYoungGen      total 33280K, used 2040K [0x00000000d5580000, 0x00000000d7a00000, 0x0000000100000000)
  eden space 31232K, 0% used [0x00000000d5580000,0x00000000d5580000,0x00000000d7400000)
  from space 2048K, 99% used [0x00000000d7680000,0x00000000d787e350,0x00000000d7880000)
  to   space 2560K, 0% used [0x00000000d7400000,0x00000000d7400000,0x00000000d7680000)
 ParOldGen       total 1398272K, used 55821K [0x0000000080000000, 0x00000000d5580000, 0x00000000d5580000)
  object space 1398272K, 3% used [0x0000000080000000,0x0000000083683560,0x00000000d5580000)
 Metaspace       used 71200K, committed 72384K, reserved 1114112K
  class space    used 8694K, committed 9216K, reserved 1048576K
}
Event: 24.343 GC heap before
{Heap before GC invocations=56 (full 5):
 PSYoungGen      total 33280K, used 33272K [0x00000000d5580000, 0x00000000d7a00000, 0x0000000100000000)
  eden space 31232K, 100% used [0x00000000d5580000,0x00000000d7400000,0x00000000d7400000)
  from space 2048K, 99% used [0x00000000d7680000,0x00000000d787e350,0x00000000d7880000)
  to   space 2560K, 0% used [0x00000000d7400000,0x00000000d7400000,0x00000000d7680000)
 ParOldGen       total 1398272K, used 55821K [0x0000000080000000, 0x00000000d5580000, 0x00000000d5580000)
  object space 1398272K, 3% used [0x0000000080000000,0x0000000083683560,0x00000000d5580000)
 Metaspace       used 71200K, committed 72384K, reserved 1114112K
  class space    used 8694K, committed 9216K, reserved 1048576K
}
Event: 24.345 GC heap after
{Heap after GC invocations=56 (full 5):
 PSYoungGen      total 33792K, used 1196K [0x00000000d5580000, 0x00000000d7900000, 0x0000000100000000)
  eden space 31232K, 0% used [0x00000000d5580000,0x00000000d5580000,0x00000000d7400000)
  from space 2560K, 46% used [0x00000000d7400000,0x00000000d752b3f0,0x00000000d7680000)
  to   space 2048K, 0% used [0x00000000d7700000,0x00000000d7700000,0x00000000d7900000)
 ParOldGen       total 1398272K, used 57197K [0x0000000080000000, 0x00000000d5580000, 0x00000000d5580000)
  object space 1398272K, 4% used [0x0000000080000000,0x00000000837db678,0x00000000d5580000)
 Metaspace       used 71200K, committed 72384K, reserved 1114112K
  class space    used 8694K, committed 9216K, reserved 1048576K
}
Event: 24.600 GC heap before
{Heap before GC invocations=57 (full 5):
 PSYoungGen      total 33792K, used 32428K [0x00000000d5580000, 0x00000000d7900000, 0x0000000100000000)
  eden space 31232K, 100% used [0x00000000d5580000,0x00000000d7400000,0x00000000d7400000)
  from space 2560K, 46% used [0x00000000d7400000,0x00000000d752b3f0,0x00000000d7680000)
  to   space 2048K, 0% used [0x00000000d7700000,0x00000000d7700000,0x00000000d7900000)
 ParOldGen       total 1398272K, used 57197K [0x0000000080000000, 0x00000000d5580000, 0x00000000d5580000)
  object space 1398272K, 4% used [0x0000000080000000,0x00000000837db678,0x00000000d5580000)
 Metaspace       used 71200K, committed 72384K, reserved 1114112K
  class space    used 8694K, committed 9216K, reserved 1048576K
}
Event: 24.601 GC heap after
{Heap after GC invocations=57 (full 5):
 PSYoungGen      total 33280K, used 806K [0x00000000d5580000, 0x00000000d7800000, 0x0000000100000000)
  eden space 32256K, 0% used [0x00000000d5580000,0x00000000d5580000,0x00000000d7500000)
  from space 1024K, 78% used [0x00000000d7700000,0x00000000d77c9860,0x00000000d7800000)
  to   space 1024K, 0% used [0x00000000d7600000,0x00000000d7600000,0x00000000d7700000)
 ParOldGen       total 1398272K, used 57197K [0x0000000080000000, 0x00000000d5580000, 0x00000000d5580000)
  object space 1398272K, 4% used [0x0000000080000000,0x00000000837db678,0x00000000d5580000)
 Metaspace       used 71200K, committed 72384K, reserved 1114112K
  class space    used 8694K, committed 9216K, reserved 1048576K
}
Event: 24.825 GC heap before
{Heap before GC invocations=58 (full 5):
 PSYoungGen      total 33280K, used 33062K [0x00000000d5580000, 0x00000000d7800000, 0x0000000100000000)
  eden space 32256K, 100% used [0x00000000d5580000,0x00000000d7500000,0x00000000d7500000)
  from space 1024K, 78% used [0x00000000d7700000,0x00000000d77c9860,0x00000000d7800000)
  to   space 1024K, 0% used [0x00000000d7600000,0x00000000d7600000,0x00000000d7700000)
 ParOldGen       total 1398272K, used 57197K [0x0000000080000000, 0x00000000d5580000, 0x00000000d5580000)
  object space 1398272K, 4% used [0x0000000080000000,0x00000000837db678,0x00000000d5580000)
 Metaspace       used 71200K, committed 72384K, reserved 1114112K
  class space    used 8694K, committed 9216K, reserved 1048576K
}
Event: 24.825 GC heap after
{Heap after GC invocations=58 (full 5):
 PSYoungGen      total 33792K, used 1021K [0x00000000d5580000, 0x00000000d7980000, 0x0000000100000000)
  eden space 32768K, 0% used [0x00000000d5580000,0x00000000d5580000,0x00000000d7580000)
  from space 1024K, 99% used [0x00000000d7600000,0x00000000d76ff710,0x00000000d7700000)
  to   space 2048K, 0% used [0x00000000d7780000,0x00000000d7780000,0x00000000d7980000)
 ParOldGen       total 1398272K, used 57670K [0x0000000080000000, 0x00000000d5580000, 0x00000000d5580000)
  object space 1398272K, 4% used [0x0000000080000000,0x0000000083851ad8,0x00000000d5580000)
 Metaspace       used 71200K, committed 72384K, reserved 1114112K
  class space    used 8694K, committed 9216K, reserved 1048576K
}
Event: 26.883 GC heap before
{Heap before GC invocations=59 (full 5):
 PSYoungGen      total 33792K, used 33789K [0x00000000d5580000, 0x00000000d7980000, 0x0000000100000000)
  eden space 32768K, 100% used [0x00000000d5580000,0x00000000d7580000,0x00000000d7580000)
  from space 1024K, 99% used [0x00000000d7600000,0x00000000d76ff710,0x00000000d7700000)
  to   space 2048K, 0% used [0x00000000d7780000,0x00000000d7780000,0x00000000d7980000)
 ParOldGen       total 1398272K, used 57670K [0x0000000080000000, 0x00000000d5580000, 0x00000000d5580000)
  object space 1398272K, 4% used [0x0000000080000000,0x0000000083851ad8,0x00000000d5580000)
 Metaspace       used 73393K, committed 74688K, reserved 1114112K
  class space    used 8990K, committed 9536K, reserved 1048576K
}
Event: 26.884 GC heap after
{Heap after GC invocations=59 (full 5):
 PSYoungGen      total 34816K, used 1344K [0x00000000d5580000, 0x00000000d7900000, 0x0000000100000000)
  eden space 33280K, 0% used [0x00000000d5580000,0x00000000d5580000,0x00000000d7600000)
  from space 1536K, 87% used [0x00000000d7780000,0x00000000d78d0010,0x00000000d7900000)
  to   space 1536K, 0% used [0x00000000d7600000,0x00000000d7600000,0x00000000d7780000)
 ParOldGen       total 1398272K, used 58001K [0x0000000080000000, 0x00000000d5580000, 0x00000000d5580000)
  object space 1398272K, 4% used [0x0000000080000000,0x00000000838a4658,0x00000000d5580000)
 Metaspace       used 73393K, committed 74688K, reserved 1114112K
  class space    used 8990K, committed 9536K, reserved 1048576K
}

